[2020-04-19 10:10:57] [info]  [18388] Apache Commons Daemon procrun (1.2.0.0 64-bit) started.
[2020-04-19 10:10:57] [info]  [18388] Stopping service 'neo4j'...
[2020-04-19 10:10:58] [info]  [18388] Service 'neo4j' stopped.
[2020-04-19 10:10:58] [info]  [18388] Stop service finished.
[2020-04-19 10:10:59] [info]  [18388] Apache Commons Daemon procrun finished.
[2020-04-19 10:11:51] [info]  [21240] Apache Commons Daemon procrun (1.2.0.0 64-bit) started.
[2020-04-19 10:11:51] [info]  [21240] Starting service 'neo4j'...
[2020-04-19 10:11:52] [info]  [22636] Apache Commons Daemon procrun (1.2.0.0 64-bit) started.
[2020-04-19 10:11:52] [info]  [22636] Running Service 'neo4j'...
[2020-04-19 10:11:52] [info]  [ 8980] Starting service...
[2020-04-19 10:11:56] [info]  [ 8980] Service started in 3583 milliseconds.
[2020-04-19 10:11:57] [info]  [21240] Started service 'neo4j'.
[2020-04-19 10:11:57] [info]  [21240] Finished starting service 'neo4j', returning 1.
[2020-04-19 10:11:57] [info]  [21240] Apache Commons Daemon procrun finished.
[2020-04-19 10:45:56] [info]  [18640] Apache Commons Daemon procrun (1.2.0.0 64-bit) started.
[2020-04-19 10:45:56] [info]  [18640] Stopping service 'neo4j'...
[2020-04-19 10:45:56] [info]  [24184] Stopping service...
[2020-04-19 10:46:08] [info]  [18640] Service 'neo4j' stopped.
[2020-04-19 10:46:08] [info]  [18640] Stop service finished.
[2020-04-19 10:46:08] [info]  [18640] Apache Commons Daemon procrun finished.
[2020-04-19 10:47:51] [info]  [21188] Apache Commons Daemon procrun (1.2.0.0 64-bit) started.
[2020-04-19 10:47:51] [info]  [21188] Starting service 'neo4j'...
[2020-04-19 10:47:51] [info]  [26620] Apache Commons Daemon procrun (1.2.0.0 64-bit) started.
[2020-04-19 10:47:51] [info]  [26620] Running Service 'neo4j'...
[2020-04-19 10:47:52] [info]  [30180] Starting service...
[2020-04-19 10:47:53] [info]  [30180] Service started in 1312 milliseconds.
[2020-04-19 10:47:55] [info]  [21188] Started service 'neo4j'.
[2020-04-19 10:47:55] [info]  [21188] Finished starting service 'neo4j', returning 1.
[2020-04-19 10:47:55] [info]  [21188] Apache Commons Daemon procrun finished.
[2020-04-19 10:49:40] [info]  [15088] Apache Commons Daemon procrun (1.2.0.0 64-bit) started.
[2020-04-19 10:49:40] [info]  [15088] Stopping service 'neo4j'...
[2020-04-19 10:49:40] [info]  [24972] Stopping service...
[2020-04-19 10:49:52] [info]  [15088] Service 'neo4j' stopped.
[2020-04-19 10:49:52] [info]  [15088] Stop service finished.
[2020-04-19 10:49:52] [info]  [15088] Apache Commons Daemon procrun finished.
[2020-04-19 10:50:19] [info]  [ 2620] Apache Commons Daemon procrun (1.2.0.0 64-bit) started.
[2020-04-19 10:50:19] [info]  [ 2620] Starting service 'neo4j'...
[2020-04-19 10:50:19] [info]  [ 8708] Apache Commons Daemon procrun (1.2.0.0 64-bit) started.
[2020-04-19 10:50:19] [info]  [ 8708] Running Service 'neo4j'...
[2020-04-19 10:50:19] [info]  [21716] Starting service...
[2020-04-19 10:50:20] [info]  [21716] Service started in 1280 milliseconds.
[2020-04-19 10:50:22] [info]  [ 2620] Started service 'neo4j'.
[2020-04-19 10:50:22] [info]  [ 2620] Finished starting service 'neo4j', returning 1.
[2020-04-19 10:50:22] [info]  [ 2620] Apache Commons Daemon procrun finished.
[2020-04-19 10:52:12] [info]  [29036] Apache Commons Daemon procrun (1.2.0.0 64-bit) started.
[2020-04-19 10:52:12] [info]  [29036] Stopping service 'neo4j'...
[2020-04-19 10:52:12] [info]  [31080] Stopping service...
[2020-04-19 10:52:24] [info]  [29036] Service 'neo4j' stopped.
[2020-04-19 10:52:24] [info]  [29036] Stop service finished.
[2020-04-19 10:52:24] [info]  [29036] Apache Commons Daemon procrun finished.
[2020-04-19 10:53:17] [info]  [ 9804] Apache Commons Daemon procrun (1.2.0.0 64-bit) started.
[2020-04-19 10:53:17] [info]  [ 9804] Starting service 'neo4j'...
[2020-04-19 10:53:17] [info]  [ 4084] Apache Commons Daemon procrun (1.2.0.0 64-bit) started.
[2020-04-19 10:53:17] [info]  [ 4084] Running Service 'neo4j'...
[2020-04-19 10:53:17] [info]  [ 6832] Starting service...
[2020-04-19 10:53:18] [info]  [ 6832] Service started in 1280 milliseconds.
[2020-04-19 10:53:20] [info]  [ 9804] Started service 'neo4j'.
[2020-04-19 10:53:20] [info]  [ 9804] Finished starting service 'neo4j', returning 1.
[2020-04-19 10:53:20] [info]  [ 9804] Apache Commons Daemon procrun finished.
[2020-04-19 10:55:33] [info]  [26576] Apache Commons Daemon procrun (1.2.0.0 64-bit) started.
[2020-04-19 10:55:33] [info]  [26576] Stopping service 'neo4j'...
[2020-04-19 10:55:33] [info]  [15972] Stopping service...
[2020-04-19 10:55:46] [info]  [26576] Service 'neo4j' stopped.
[2020-04-19 10:55:46] [info]  [26576] Stop service finished.
[2020-04-19 10:55:46] [info]  [26576] Apache Commons Daemon procrun finished.
[2020-04-19 10:56:44] [info]  [17648] Apache Commons Daemon procrun (1.2.0.0 64-bit) started.
[2020-04-19 10:56:44] [info]  [17648] Starting service 'neo4j'...
[2020-04-19 10:56:44] [info]  [29936] Apache Commons Daemon procrun (1.2.0.0 64-bit) started.
[2020-04-19 10:56:44] [info]  [29936] Running Service 'neo4j'...
[2020-04-19 10:56:44] [info]  [17056] Starting service...
[2020-04-19 10:56:46] [info]  [17056] Service started in 1234 milliseconds.
[2020-04-19 10:56:47] [info]  [17648] Started service 'neo4j'.
[2020-04-19 10:56:48] [info]  [17648] Finished starting service 'neo4j', returning 1.
[2020-04-19 10:56:48] [info]  [17648] Apache Commons Daemon procrun finished.
[2020-04-19 10:59:43] [info]  [29672] Apache Commons Daemon procrun (1.2.0.0 64-bit) started.
[2020-04-19 10:59:43] [info]  [29672] Stopping service 'neo4j'...
[2020-04-19 10:59:43] [info]  [25016] Stopping service...
[2020-04-19 10:59:55] [info]  [29672] Service 'neo4j' stopped.
[2020-04-19 10:59:55] [info]  [29672] Stop service finished.
[2020-04-19 10:59:55] [info]  [29672] Apache Commons Daemon procrun finished.
[2020-04-19 15:45:47] [info]  [16988] Apache Commons Daemon procrun (1.2.0.0 64-bit) started.
[2020-04-19 15:45:47] [info]  [16988] Starting service 'neo4j'...
[2020-04-19 15:45:47] [info]  [ 2284] Apache Commons Daemon procrun (1.2.0.0 64-bit) started.
[2020-04-19 15:45:48] [info]  [ 2284] Running Service 'neo4j'...
[2020-04-19 15:45:48] [info]  [30912] Starting service...
[2020-04-19 15:45:53] [error] [16988] apxServiceControl(): dwState(4) != dwCurrentState(2); dwWin32ExitCode = 0, dwWaitHint = 3000, dwServiceSpecificExitCode = 0
[2020-04-19 15:45:53] [error] [16988] apxServiceControl(): returning FALSE
[2020-04-19 15:45:53] [error] [16988] Failed to start service 'neo4j'.
[2020-04-19 15:45:53] [info]  [16988] Finished starting service 'neo4j', returning 0.
[2020-04-19 15:45:53] [error] [16988] Apache Commons Daemon procrun failed with exit value: 5 (failed to start service).
[2020-04-19 15:45:53] [info]  [30912] Service started in 5735 milliseconds.
[2020-04-19 15:46:33] [info]  [27676] Apache Commons Daemon procrun (1.2.0.0 64-bit) started.
[2020-04-19 15:46:33] [info]  [27676] Stopping service 'neo4j'...
[2020-04-19 15:46:34] [info]  [27676] Service 'neo4j' stopped.
[2020-04-19 15:46:34] [info]  [27676] Stop service finished.
[2020-04-19 15:46:34] [info]  [27676] Apache Commons Daemon procrun finished.
[2020-04-19 15:49:09] [info]  [22236] Apache Commons Daemon procrun (1.2.0.0 64-bit) started.
[2020-04-19 15:49:09] [info]  [22236] Starting service 'neo4j'...
[2020-04-19 15:49:09] [info]  [24716] Apache Commons Daemon procrun (1.2.0.0 64-bit) started.
[2020-04-19 15:49:09] [info]  [24716] Running Service 'neo4j'...
[2020-04-19 15:49:09] [info]  [29668] Starting service...
[2020-04-19 15:49:10] [info]  [29668] Service started in 1296 milliseconds.
[2020-04-19 15:49:12] [info]  [22236] Started service 'neo4j'.
[2020-04-19 15:49:12] [info]  [22236] Finished starting service 'neo4j', returning 1.
[2020-04-19 15:49:12] [info]  [22236] Apache Commons Daemon procrun finished.
[2020-04-19 16:00:46] [info]  [19240] Apache Commons Daemon procrun (1.2.0.0 64-bit) started.
[2020-04-19 16:00:46] [info]  [19240] Stopping service 'neo4j'...
[2020-04-19 16:00:46] [info]  [14640] Stopping service...
[2020-04-19 16:00:58] [info]  [19240] Service 'neo4j' stopped.
[2020-04-19 16:00:58] [info]  [19240] Stop service finished.
[2020-04-19 16:00:58] [info]  [19240] Apache Commons Daemon procrun finished.
[2020-04-19 16:09:25] [info]  [ 8104] Apache Commons Daemon procrun (1.2.0.0 64-bit) started.
[2020-04-19 16:09:25] [info]  [ 8104] Starting service 'neo4j'...
[2020-04-19 16:09:25] [info]  [31936] Apache Commons Daemon procrun (1.2.0.0 64-bit) started.
[2020-04-19 16:09:25] [info]  [31936] Running Service 'neo4j'...
[2020-04-19 16:09:25] [info]  [11372] Starting service...
[2020-04-19 16:09:26] [info]  [11372] Service started in 1234 milliseconds.
[2020-04-19 16:09:28] [info]  [ 8104] Started service 'neo4j'.
[2020-04-19 16:09:28] [info]  [ 8104] Finished starting service 'neo4j', returning 1.
[2020-04-19 16:09:28] [info]  [ 8104] Apache Commons Daemon procrun finished.
[2020-04-19 16:11:40] [info]  [32624] Apache Commons Daemon procrun (1.2.0.0 64-bit) started.
[2020-04-19 16:11:40] [info]  [32624] Stopping service 'neo4j'...
[2020-04-19 16:11:40] [info]  [32448] Stopping service...
[2020-04-19 16:11:53] [info]  [32624] Service 'neo4j' stopped.
[2020-04-19 16:11:53] [info]  [32624] Stop service finished.
[2020-04-19 16:11:53] [info]  [32624] Apache Commons Daemon procrun finished.
[2020-04-19 16:14:28] [info]  [ 8320] Apache Commons Daemon procrun (1.2.0.0 64-bit) started.
[2020-04-19 16:14:28] [info]  [ 8320] Starting service 'neo4j'...
[2020-04-19 16:14:28] [info]  [11972] Apache Commons Daemon procrun (1.2.0.0 64-bit) started.
[2020-04-19 16:14:28] [info]  [11972] Running Service 'neo4j'...
[2020-04-19 16:14:28] [info]  [23112] Starting service...
[2020-04-19 16:14:29] [info]  [23112] Service started in 1218 milliseconds.
[2020-04-19 16:14:31] [info]  [ 8320] Started service 'neo4j'.
[2020-04-19 16:14:31] [info]  [ 8320] Finished starting service 'neo4j', returning 1.
[2020-04-19 16:14:31] [info]  [ 8320] Apache Commons Daemon procrun finished.
[2020-04-19 16:34:50] [info]  [31844] Apache Commons Daemon procrun (1.2.0.0 64-bit) started.
[2020-04-19 16:34:50] [info]  [31844] Stopping service 'neo4j'...
[2020-04-19 16:34:50] [info]  [11772] Stopping service...
[2020-04-19 16:35:02] [info]  [31844] Service 'neo4j' stopped.
[2020-04-19 16:35:03] [info]  [31844] Stop service finished.
[2020-04-19 16:35:03] [info]  [31844] Apache Commons Daemon procrun finished.
[2020-04-19 16:39:20] [info]  [20284] Apache Commons Daemon procrun (1.2.0.0 64-bit) started.
[2020-04-19 16:39:20] [info]  [20284] Starting service 'neo4j'...
[2020-04-19 16:39:20] [info]  [26304] Apache Commons Daemon procrun (1.2.0.0 64-bit) started.
[2020-04-19 16:39:20] [info]  [26304] Running Service 'neo4j'...
[2020-04-19 16:39:20] [info]  [ 8496] Starting service...
[2020-04-19 16:39:21] [info]  [ 8496] Service started in 1236 milliseconds.
[2020-04-19 16:39:23] [info]  [20284] Started service 'neo4j'.
[2020-04-19 16:39:23] [info]  [20284] Finished starting service 'neo4j', returning 1.
[2020-04-19 16:39:23] [info]  [20284] Apache Commons Daemon procrun finished.
[2020-04-19 16:41:15] [info]  [19452] Apache Commons Daemon procrun (1.2.0.0 64-bit) started.
[2020-04-19 16:41:15] [info]  [19452] Stopping service 'neo4j'...
[2020-04-19 16:41:15] [info]  [22284] Stopping service...
[2020-04-19 16:41:27] [info]  [19452] Service 'neo4j' stopped.
[2020-04-19 16:41:27] [info]  [19452] Stop service finished.
[2020-04-19 16:41:27] [info]  [19452] Apache Commons Daemon procrun finished.
[2020-04-19 16:43:43] [info]  [31092] Apache Commons Daemon procrun (1.2.0.0 64-bit) started.
[2020-04-19 16:43:43] [info]  [31092] Starting service 'neo4j'...
[2020-04-19 16:43:43] [info]  [ 5376] Apache Commons Daemon procrun (1.2.0.0 64-bit) started.
[2020-04-19 16:43:43] [info]  [ 5376] Running Service 'neo4j'...
[2020-04-19 16:43:43] [info]  [30388] Starting service...
[2020-04-19 16:43:45] [info]  [30388] Service started in 1217 milliseconds.
[2020-04-19 16:43:46] [info]  [31092] Started service 'neo4j'.
[2020-04-19 16:43:47] [info]  [31092] Finished starting service 'neo4j', returning 1.
[2020-04-19 16:43:47] [info]  [31092] Apache Commons Daemon procrun finished.
[2020-04-19 16:46:47] [info]  [13136] Apache Commons Daemon procrun (1.2.0.0 64-bit) started.
[2020-04-19 16:46:47] [info]  [13136] Stopping service 'neo4j'...
[2020-04-19 16:46:47] [info]  [32576] Stopping service...
[2020-04-19 16:47:00] [info]  [13136] Service 'neo4j' stopped.
[2020-04-19 16:47:00] [info]  [13136] Stop service finished.
[2020-04-19 16:47:00] [info]  [13136] Apache Commons Daemon procrun finished.
[2020-04-19 16:48:26] [info]  [16688] Apache Commons Daemon procrun (1.2.0.0 64-bit) started.
[2020-04-19 16:48:26] [info]  [16688] Starting service 'neo4j'...
[2020-04-19 16:48:27] [info]  [  384] Apache Commons Daemon procrun (1.2.0.0 64-bit) started.
[2020-04-19 16:48:27] [info]  [  384] Running Service 'neo4j'...
[2020-04-19 16:48:27] [info]  [28016] Starting service...
[2020-04-19 16:48:28] [info]  [28016] Service started in 1206 milliseconds.
[2020-04-19 16:48:30] [info]  [16688] Started service 'neo4j'.
[2020-04-19 16:48:30] [info]  [16688] Finished starting service 'neo4j', returning 1.
[2020-04-19 16:48:30] [info]  [16688] Apache Commons Daemon procrun finished.
[2020-04-19 16:56:59] [info]  [ 6476] Apache Commons Daemon procrun (1.2.0.0 64-bit) started.
[2020-04-19 16:56:59] [info]  [ 6476] Stopping service 'neo4j'...
[2020-04-19 16:56:59] [info]  [31424] Stopping service...
[2020-04-19 16:57:11] [info]  [ 6476] Service 'neo4j' stopped.
[2020-04-19 16:57:11] [info]  [ 6476] Stop service finished.
[2020-04-19 16:57:11] [info]  [ 6476] Apache Commons Daemon procrun finished.
[2020-04-19 17:07:25] [info]  [25692] Apache Commons Daemon procrun (1.2.0.0 64-bit) started.
[2020-04-19 17:07:25] [info]  [25692] Starting service 'neo4j'...
[2020-04-19 17:07:25] [info]  [16056] Apache Commons Daemon procrun (1.2.0.0 64-bit) started.
[2020-04-19 17:07:25] [info]  [16056] Running Service 'neo4j'...
[2020-04-19 17:07:25] [info]  [21288] Starting service...
[2020-04-19 17:07:27] [info]  [21288] Service started in 1203 milliseconds.
[2020-04-19 17:07:29] [info]  [25692] Started service 'neo4j'.
[2020-04-19 17:07:30] [info]  [25692] Finished starting service 'neo4j', returning 1.
[2020-04-19 17:07:30] [info]  [25692] Apache Commons Daemon procrun finished.
[2020-04-19 17:09:03] [info]  [ 6992] Apache Commons Daemon procrun (1.2.0.0 64-bit) started.
[2020-04-19 17:09:03] [info]  [ 6992] Stopping service 'neo4j'...
[2020-04-19 17:09:03] [info]  [26924] Stopping service...
[2020-04-19 17:09:15] [info]  [ 6992] Service 'neo4j' stopped.
[2020-04-19 17:09:15] [info]  [ 6992] Stop service finished.
[2020-04-19 17:09:15] [info]  [ 6992] Apache Commons Daemon procrun finished.
[2020-04-19 17:11:33] [info]  [22296] Apache Commons Daemon procrun (1.2.0.0 64-bit) started.
[2020-04-19 17:11:33] [info]  [22296] Starting service 'neo4j'...
[2020-04-19 17:11:34] [info]  [12564] Apache Commons Daemon procrun (1.2.0.0 64-bit) started.
[2020-04-19 17:11:34] [info]  [12564] Running Service 'neo4j'...
[2020-04-19 17:11:34] [info]  [27960] Starting service...
[2020-04-19 17:11:36] [info]  [27960] Service started in 1205 milliseconds.
[2020-04-19 17:11:37] [info]  [22296] Started service 'neo4j'.
[2020-04-19 17:11:38] [info]  [22296] Finished starting service 'neo4j', returning 1.
[2020-04-19 17:11:38] [info]  [22296] Apache Commons Daemon procrun finished.
[2020-04-23 01:45:17] [info]  [31784] Console SHUTDOWN event signaled.
[2020-04-23 01:45:18] [info]  [31784] Stopping service...
[2020-04-23 01:45:24] [info]  [31784] Service stop thread completed.
