[2020-02-27 09:28:31] [info]  [10368] Apache Commons Daemon procrun (1.2.0.0 64-bit) started.
[2020-02-27 09:28:31] [info]  [10368] Stopping service 'neo4j'...
[2020-02-27 09:28:45] [info]  [10368] Service 'neo4j' stopped.
[2020-02-27 09:28:45] [info]  [10368] Stop service finished.
[2020-02-27 09:28:45] [info]  [10368] Apache Commons Daemon procrun finished.
[2020-02-27 09:31:14] [info]  [ 5640] Apache Commons Daemon procrun (1.2.0.0 64-bit) started.
[2020-02-27 09:31:16] [info]  [ 5640] Running Service 'neo4j'...
[2020-02-27 09:31:17] [info]  [ 6496] Starting service...
[2020-02-27 09:32:29] [info]  [ 6496] Service started in 70369 milliseconds.
[2020-02-27 09:47:20] [info]  [ 9752] Apache Commons Daemon procrun (1.2.0.0 64-bit) started.
[2020-02-27 09:47:21] [info]  [ 9752] Starting service 'neo4j'...
[2020-02-27 09:47:22] [info]  [ 9752] Started service 'neo4j'.
[2020-02-27 09:47:22] [info]  [ 9752] Finished starting service 'neo4j', returning 1.
[2020-02-27 09:47:23] [info]  [ 9752] Apache Commons Daemon procrun finished.
[2020-02-27 20:46:41] [info]  [25916] Console SHUTDOWN event signaled.
[2020-02-27 20:46:41] [info]  [25916] Stopping service...
[2020-02-27 20:46:47] [info]  [25916] Service stop thread completed.
[2020-02-27 20:48:35] [info]  [ 5420] Apache Commons Daemon procrun (1.2.0.0 64-bit) started.
[2020-02-27 20:48:37] [info]  [ 5420] Running Service 'neo4j'...
[2020-02-27 20:48:38] [info]  [ 6916] Starting service...
[2020-02-27 20:52:25] [info]  [ 6916] Service started in 226406 milliseconds.
[2020-02-28 21:39:15] [info]  [25856] Console SHUTDOWN event signaled.
[2020-02-28 21:39:16] [info]  [25856] Stopping service...
[2020-02-28 21:39:22] [info]  [25856] Service stop thread completed.
