[2020-02-21 09:56:23] [info]  [ 9388] Apache Commons Daemon procrun (1.2.0.0 64-bit) started.
[2020-02-21 09:56:23] [info]  [ 9388] Starting service 'neo4j'...
[2020-02-21 09:56:24] [info]  [ 7164] Apache Commons Daemon procrun (1.2.0.0 64-bit) started.
[2020-02-21 09:56:24] [info]  [ 7164] Running Service 'neo4j'...
[2020-02-21 09:56:24] [info]  [10776] Starting service...
[2020-02-21 09:56:29] [error] [ 9388] apxServiceControl(): dwState(4) != dwCurrentState(2); dwWin32ExitCode = 0, dwWaitHint = 3000, dwServiceSpecificExitCode = 0
[2020-02-21 09:56:30] [error] [ 9388] apxServiceControl(): returning FALSE
[2020-02-21 09:56:30] [error] [ 9388] Failed to start service 'neo4j'.
[2020-02-21 09:56:30] [info]  [ 9388] Finished starting service 'neo4j', returning 0.
[2020-02-21 09:56:30] [error] [ 9388] Apache Commons Daemon procrun failed with exit value: 5 (failed to start service).
[2020-02-21 09:56:29] [info]  [10776] Service started in 5076 milliseconds.
[2020-02-21 11:05:12] [info]  [28180] Apache Commons Daemon procrun (1.2.0.0 64-bit) started.
[2020-02-21 11:05:12] [info]  [28180] Stopping service 'neo4j'...
[2020-02-21 11:05:12] [info]  [16112] Stopping service...
[2020-02-21 11:05:25] [info]  [28180] Service 'neo4j' stopped.
[2020-02-21 11:05:25] [info]  [28180] Stop service finished.
[2020-02-21 11:05:25] [info]  [28180] Apache Commons Daemon procrun finished.
[2020-02-21 11:07:27] [info]  [14136] Apache Commons Daemon procrun (1.2.0.0 64-bit) started.
[2020-02-21 11:07:27] [info]  [14136] Starting service 'neo4j'...
[2020-02-21 11:07:27] [info]  [35052] Apache Commons Daemon procrun (1.2.0.0 64-bit) started.
[2020-02-21 11:07:27] [info]  [35052] Running Service 'neo4j'...
[2020-02-21 11:07:27] [info]  [21352] Starting service...
[2020-02-21 11:07:28] [info]  [21352] Service started in 1249 milliseconds.
[2020-02-21 11:07:30] [info]  [14136] Started service 'neo4j'.
[2020-02-21 11:07:30] [info]  [14136] Finished starting service 'neo4j', returning 1.
[2020-02-21 11:07:30] [info]  [14136] Apache Commons Daemon procrun finished.
[2020-02-21 17:11:09] [info]  [27244] Apache Commons Daemon procrun (1.2.0.0 64-bit) started.
[2020-02-21 17:11:09] [info]  [27244] Stopping service 'neo4j'...
[2020-02-21 17:11:09] [info]  [29268] Stopping service...
[2020-02-21 17:11:21] [info]  [27244] Service 'neo4j' stopped.
[2020-02-21 17:11:21] [info]  [27244] Stop service finished.
[2020-02-21 17:11:21] [info]  [27244] Apache Commons Daemon procrun finished.
[2020-02-21 17:12:34] [info]  [29436] Apache Commons Daemon procrun (1.2.0.0 64-bit) started.
[2020-02-21 17:12:34] [info]  [29436] Starting service 'neo4j'...
[2020-02-21 17:12:34] [info]  [16204] Apache Commons Daemon procrun (1.2.0.0 64-bit) started.
[2020-02-21 17:12:34] [info]  [16204] Running Service 'neo4j'...
[2020-02-21 17:12:34] [info]  [31312] Starting service...
[2020-02-21 17:12:37] [info]  [31312] Service started in 2652 milliseconds.
[2020-02-21 17:12:38] [info]  [29436] Started service 'neo4j'.
[2020-02-21 17:12:38] [info]  [29436] Finished starting service 'neo4j', returning 1.
[2020-02-21 17:12:38] [info]  [29436] Apache Commons Daemon procrun finished.
[2020-02-21 18:39:52] [info]  [35532] Apache Commons Daemon procrun (1.2.0.0 64-bit) started.
[2020-02-21 18:39:52] [info]  [35532] Stopping service 'neo4j'...
[2020-02-21 18:39:52] [info]  [12800] Stopping service...
[2020-02-21 18:40:04] [info]  [35532] Service 'neo4j' stopped.
[2020-02-21 18:40:04] [info]  [35532] Stop service finished.
[2020-02-21 18:40:04] [info]  [35532] Apache Commons Daemon procrun finished.
[2020-02-21 18:40:59] [info]  [35920] Apache Commons Daemon procrun (1.2.0.0 64-bit) started.
[2020-02-21 18:40:59] [info]  [35920] Stopping service 'neo4j'...
[2020-02-21 18:41:00] [info]  [35920] Service 'neo4j' stopped.
[2020-02-21 18:41:00] [info]  [35920] Stop service finished.
[2020-02-21 18:41:00] [info]  [35920] Apache Commons Daemon procrun finished.
[2020-02-21 18:41:27] [info]  [23288] Apache Commons Daemon procrun (1.2.0.0 64-bit) started.
[2020-02-21 18:41:28] [info]  [23288] Starting service 'neo4j'...
[2020-02-21 18:41:28] [info]  [12480] Apache Commons Daemon procrun (1.2.0.0 64-bit) started.
[2020-02-21 18:41:28] [info]  [12480] Running Service 'neo4j'...
[2020-02-21 18:41:28] [info]  [19744] Starting service...
[2020-02-21 18:41:29] [info]  [19744] Service started in 1194 milliseconds.
[2020-02-21 18:41:31] [info]  [23288] Started service 'neo4j'.
[2020-02-21 18:41:31] [info]  [23288] Finished starting service 'neo4j', returning 1.
[2020-02-21 18:41:31] [info]  [23288] Apache Commons Daemon procrun finished.
[2020-02-21 19:06:06] [info]  [10736] Apache Commons Daemon procrun (1.2.0.0 64-bit) started.
[2020-02-21 19:06:06] [info]  [10736] Stopping service 'neo4j'...
[2020-02-21 19:06:06] [info]  [13736] Stopping service...
[2020-02-21 19:06:18] [info]  [10736] Service 'neo4j' stopped.
[2020-02-21 19:06:18] [info]  [10736] Stop service finished.
[2020-02-21 19:06:18] [info]  [10736] Apache Commons Daemon procrun finished.
[2020-02-21 19:08:26] [info]  [23320] Apache Commons Daemon procrun (1.2.0.0 64-bit) started.
[2020-02-21 19:08:26] [info]  [23320] Starting service 'neo4j'...
[2020-02-21 19:08:26] [info]  [32084] Apache Commons Daemon procrun (1.2.0.0 64-bit) started.
[2020-02-21 19:08:26] [info]  [32084] Running Service 'neo4j'...
[2020-02-21 19:08:26] [info]  [27156] Starting service...
[2020-02-21 19:08:27] [info]  [27156] Service started in 1238 milliseconds.
[2020-02-21 19:08:29] [info]  [23320] Started service 'neo4j'.
[2020-02-21 19:08:29] [info]  [23320] Finished starting service 'neo4j', returning 1.
[2020-02-21 19:08:29] [info]  [23320] Apache Commons Daemon procrun finished.
[2020-02-21 21:37:43] [info]  [30008] Console SHUTDOWN event signaled.
[2020-02-21 21:37:44] [info]  [30008] Stopping service...
[2020-02-21 21:37:50] [info]  [30008] Service stop thread completed.
[2020-02-21 21:39:59] [info]  [ 4984] Apache Commons Daemon procrun (1.2.0.0 64-bit) started.
[2020-02-21 21:40:07] [info]  [ 4984] Running Service 'neo4j'...
[2020-02-21 21:40:09] [info]  [ 6036] Starting service...
[2020-02-21 21:43:35] [info]  [ 6036] Service started in 205071 milliseconds.
[2020-02-22 18:04:32] [info]  [11152] Stopping service...
