[2020-03-11 09:24:16] [info]  [ 5604] Apache Commons Daemon procrun (1.2.0.0 64-bit) started.
[2020-03-11 09:24:23] [info]  [ 5604] Running Service 'neo4j'...
[2020-03-11 09:24:24] [info]  [ 7244] Starting service...
[2020-03-11 09:26:33] [info]  [ 7244] Service started in 127358 milliseconds.
[2020-03-11 09:35:10] [info]  [14524] Apache Commons Daemon procrun (1.2.0.0 64-bit) started.
[2020-03-11 09:35:11] [info]  [14524] Starting service 'neo4j'...
[2020-03-11 09:35:12] [info]  [14524] Started service 'neo4j'.
[2020-03-11 09:35:12] [info]  [14524] Finished starting service 'neo4j', returning 1.
[2020-03-11 09:35:12] [info]  [14524] Apache Commons Daemon procrun finished.
[2020-03-11 09:40:18] [info]  [15568] Apache Commons Daemon procrun (1.2.0.0 64-bit) started.
[2020-03-11 09:40:18] [info]  [15568] Stopping service 'neo4j'...
[2020-03-11 09:40:18] [info]  [15732] Stopping service...
[2020-03-11 09:40:30] [info]  [15568] Service 'neo4j' stopped.
[2020-03-11 09:40:30] [info]  [15568] Stop service finished.
[2020-03-11 09:40:30] [info]  [15568] Apache Commons Daemon procrun finished.
[2020-03-11 09:41:29] [info]  [15568] Apache Commons Daemon procrun (1.2.0.0 64-bit) started.
[2020-03-11 09:41:29] [info]  [15568] Starting service 'neo4j'...
[2020-03-11 09:41:29] [info]  [14160] Apache Commons Daemon procrun (1.2.0.0 64-bit) started.
[2020-03-11 09:41:29] [info]  [14160] Running Service 'neo4j'...
[2020-03-11 09:41:29] [info]  [10980] Starting service...
[2020-03-11 09:41:30] [info]  [10980] Service started in 1198 milliseconds.
[2020-03-11 09:41:32] [info]  [15568] Started service 'neo4j'.
[2020-03-11 09:41:33] [info]  [15568] Finished starting service 'neo4j', returning 1.
[2020-03-11 09:41:33] [info]  [15568] Apache Commons Daemon procrun finished.
[2020-03-11 10:58:34] [info]  [ 1720] Apache Commons Daemon procrun (1.2.0.0 64-bit) started.
[2020-03-11 10:58:34] [info]  [ 1720] Stopping service 'neo4j'...
[2020-03-11 10:58:34] [info]  [17040] Stopping service...
[2020-03-11 10:58:46] [info]  [ 1720] Service 'neo4j' stopped.
[2020-03-11 10:58:46] [info]  [ 1720] Stop service finished.
[2020-03-11 10:58:46] [info]  [ 1720] Apache Commons Daemon procrun finished.
[2020-03-11 10:59:54] [info]  [ 8652] Apache Commons Daemon procrun (1.2.0.0 64-bit) started.
[2020-03-11 10:59:54] [info]  [ 8652] Starting service 'neo4j'...
[2020-03-11 10:59:55] [info]  [11068] Apache Commons Daemon procrun (1.2.0.0 64-bit) started.
[2020-03-11 10:59:55] [info]  [11068] Running Service 'neo4j'...
[2020-03-11 10:59:55] [info]  [17068] Starting service...
[2020-03-11 10:59:56] [info]  [17068] Service started in 1186 milliseconds.
[2020-03-11 10:59:59] [info]  [ 8652] Started service 'neo4j'.
[2020-03-11 11:00:00] [info]  [ 8652] Finished starting service 'neo4j', returning 1.
[2020-03-11 11:00:00] [info]  [ 8652] Apache Commons Daemon procrun finished.
[2020-03-11 12:55:47] [info]  [ 3772] Console SHUTDOWN event signaled.
[2020-03-11 12:55:47] [info]  [ 3772] Stopping service...
[2020-03-11 12:55:53] [info]  [ 3772] Service stop thread completed.
[2020-03-11 16:04:29] [info]  [ 5012] Apache Commons Daemon procrun (1.2.0.0 64-bit) started.
[2020-03-11 16:05:08] [info]  [ 5012] Running Service 'neo4j'...
[2020-03-11 16:05:08] [info]  [ 7948] Starting service...
[2020-03-11 16:05:50] [info]  [ 7948] Service started in 41115 milliseconds.
[2020-03-11 19:58:58] [info]  [13480] Console SHUTDOWN event signaled.
[2020-03-11 19:58:59] [info]  [13480] Stopping service...
[2020-03-11 19:59:05] [info]  [13480] Service stop thread completed.
[2020-03-11 20:00:34] [info]  [ 5212] Apache Commons Daemon procrun (1.2.0.0 64-bit) started.
[2020-03-11 20:00:36] [info]  [ 5212] Running Service 'neo4j'...
[2020-03-11 20:00:37] [info]  [ 6332] Starting service...
[2020-03-11 20:01:34] [info]  [ 6332] Service started in 56087 milliseconds.
[2020-03-12 12:53:17] [info]  [13148] Stopping service...
